J0009
0:00:02.081261
youve done one run
/projects/rene3152/python_modules/lib/python3.5/site-packages/numpy-1.13.1-py3.5-linux-x86_64.egg/numpy/core/fromnumeric.py:2909: RuntimeWarning: Mean of empty slice.
  out=out, **kwargs)
/projects/rene3152/python_modules/lib/python3.5/site-packages/numpy-1.13.1-py3.5-linux-x86_64.egg/numpy/core/_methods.py:80: RuntimeWarning: invalid value encountered in double_scalars
  ret = ret.dtype.type(ret / rcount)
You finished the prep for burn in
f_acc burn in [ 0.175  0.095  0.25   0.18   0.08   0.315  0.07   0.245  0.12   0.165
  0.065  0.19   0.05   0.105  0.27   0.1    0.215  0.025  0.305  0.295
  0.245  0.11   0.31   0.085  0.155  0.3    0.14   0.24   0.27   0.125
  0.23   0.1    0.07   0.18   0.12   0.28   0.22   0.27   0.085  0.17
  0.225  0.195  0.105  0.085  0.105  0.16   0.065  0.21   0.25   0.22
  0.265  0.24   0.305  0.04   0.135  0.18   0.06   0.28   0.265  0.315
  0.215  0.14   0.235  0.29   0.235  0.235  0.275  0.25   0.11   0.24   0.05
  0.05   0.18   0.155  0.04   0.04   0.13   0.155  0.235  0.29   0.085
  0.065  0.205  0.19   0.305  0.245  0.135  0.27   0.32   0.2    0.075
  0.17   0.185  0.16   0.245  0.145  0.26   0.06   0.135  0.15 ]
pos after burn in [[  4.32202215e+01   1.88219928e+01   5.83457813e+00   8.41762182e+01
    9.65266960e+02]
 [  5.20346193e+01   9.06174226e+01   8.05078992e+00   8.23637287e+01
    6.99606881e+02]
 [  8.78024843e+01   2.58309855e+02   5.43137110e-01   3.52908195e+01
    1.00709644e+02]
 [  8.08706000e+01   2.23583584e+02   9.03289405e+00   8.85293219e+01
    9.85378677e+02]
 [  3.79089289e+01   1.54457693e+02   4.20688066e+00   8.64165297e+01
    8.74402289e+02]
 [  5.14223369e+01   4.19394732e+01   3.96669899e-01   4.65627761e+01
    7.39945778e+02]
 [  6.84099751e+01   4.44248079e+01   4.59120640e-01   5.00344848e+01
    3.51845845e+02]
 [  1.91184282e+01   2.46149723e+02   6.60678564e+00   4.66332573e+01
    1.63691380e+02]
 [  2.71598472e+01   7.44993658e+01   3.65146430e-01   5.03940121e+01
    3.40026367e+02]
 [  5.51736566e+01   3.55696715e+01   4.40266247e+00   8.69970819e+01
    1.00997353e+02]
 [  3.58400303e+01   5.30306882e+01   4.50003543e-01   4.20758307e+01
    4.17782598e+02]
 [  4.42009853e+01   2.65967337e+01   9.77800342e+00   7.45701207e+01
    7.64245003e+02]
 [  3.70974019e+01   1.11124177e+02   4.51557955e+00   8.61908148e+01
    7.76344979e+02]
 [  4.04338255e+01   1.02116472e+02   3.61500936e-01   5.21777622e+01
    3.27437513e+02]
 [  6.20768176e+01   4.96243236e+01   7.58578268e+00   6.46950802e+01
    4.49089827e+02]
 [  8.52089854e+01   2.54999201e+01   1.49130161e-01   7.87769575e+01
    8.36248120e+02]
 [  6.58972291e+01   2.59846126e+02   1.25452693e-02   1.61078517e+01
    1.73857100e+02]
 [  5.69451527e+01   5.40357356e+00   4.40980517e-01   4.73979990e+01
    1.88350901e+02]
 [  5.65914126e+01   1.29245498e+01   8.07207238e+00   8.94844932e+01
    8.13346511e+02]
 [  2.38759438e+01   2.11028959e+02   3.83423071e+00   5.03073529e+01
    1.38526077e+02]
 [  7.82310238e+01   2.10540317e+02   8.35744423e+00   4.61576510e+01
    2.12974024e+02]
 [  1.26071193e+00   1.01826376e+01   3.32135599e-01   5.11010050e+01
    5.16411115e+02]
 [  4.60569419e+01   1.99554411e+02   7.19845501e+00   6.32460772e+01
    3.68543043e+02]
 [  7.57670835e+01   5.76395218e+01   7.77047502e-01   3.49490028e+01
    4.68661951e+02]
 [  8.48660119e+00   3.58534610e+01   7.01513934e+00   6.45122255e+01
    3.50290822e+02]
 [  8.23644894e+01   1.20323748e+02   6.28386693e+00   8.70550729e+01
    7.37940643e+02]
 [  2.26298431e+01   5.63918145e+01   3.93084438e+00   8.68450947e+01
    5.12309316e+01]
 [  6.15976069e+01   1.00428675e+02   7.93059403e+00   8.21898557e+01
    4.05744058e+02]
 [  7.02089344e+00   2.25198544e+02   9.12551598e+00   4.99466967e+00
    4.07770555e+01]
 [  1.35034359e+01   2.56710629e+02   6.00537962e-01   1.01638609e+01
    1.63966912e+02]
 [  7.33647530e+01   1.45582437e+02   9.30488757e+00   3.09544610e+01
    2.55617951e+02]
 [  3.89313985e+01   2.80652955e+00   2.83662838e-01   5.93180598e+01
    4.71660903e+02]
 [  6.83308908e+01   5.52865566e+01   3.31502203e-01   6.33855346e+01
    2.54505592e+02]
 [  3.61076131e+01   3.56688774e+01   8.60683805e+00   8.20649820e+01
    2.16966544e+02]
 [  8.12747968e+01   1.28373367e+02   8.67947125e+00   4.71158744e+01
    9.38796786e+02]
 [  3.97624327e+01   2.69305114e+02   7.09403540e+00   2.08179967e+01
    1.41641107e+02]
 [  5.59516434e+01   1.78892074e+02   3.84281327e+00   6.90032017e+01
    3.22493130e+02]
 [  6.28443656e+01   5.22819681e+01   3.56908448e+00   6.93607073e+01
    9.99112760e+02]
 [  1.69962322e+01   9.08992719e+01   6.44511271e+00   8.65688509e+01
    6.22074808e+02]
 [  5.90478428e+01   6.51588682e+01   5.31703236e-01   3.45060621e+01
    7.20832292e+02]
 [  6.26749475e+01   2.40407344e+02   9.92201501e+00   8.21692260e+01
    7.62003344e+01]
 [  5.04032146e+01   1.12167762e+02   5.83471655e+00   8.45088672e+01
    9.36002800e+02]
 [  4.27569524e+01   6.58550329e+01   3.98863022e+00   8.61082692e+01
    5.27945657e+02]
 [  4.56790034e+01   4.61780512e+01   7.26901770e+00   8.25964517e+01
    8.51527652e+02]
 [  4.26870288e+01   4.48729132e+01   4.80737042e+00   8.52392488e+01
    7.32878814e+02]
 [  4.26498674e+01   3.43233955e+01   7.28130713e+00   8.32556379e+01
    3.54481828e+02]
 [  3.39994769e+00   8.65281579e+01   3.26305765e-01   5.66089212e+01
    8.13809004e+02]
 [  1.10893025e+01   2.38869768e+02   9.32300724e+00   2.91344303e+01
    2.35423905e+02]
 [  4.97133637e+01   1.03524656e+02   7.06438578e+00   8.42827182e+01
    3.02488480e+02]
 [  1.40399727e+01   3.49043587e+02   9.24571654e+00   8.56844352e+01
    2.02648774e+02]
 [  5.71214999e+01   9.06567021e+01   9.23145547e+00   8.10194263e+01
    6.45481851e+02]
 [  2.99597066e+01   3.07358858e+01   5.36458092e+00   8.53240336e+01
    9.81867545e+02]
 [  2.65215782e+01   2.50895362e+01   8.11564833e+00   8.99521984e+01
    6.83216197e+02]
 [  8.42423931e+01   1.64700165e+02   3.50626065e+00   7.19139834e+00
    7.47256259e+02]
 [  4.47856948e+01   5.88756247e+01   5.10940831e-01   3.77621443e+01
    4.57210148e+02]
 [  2.89434314e+01   5.14588866e+01   9.22245684e+00   8.33286734e+01
    4.17560201e+02]
 [  3.47105767e+01   4.41497716e+01   4.96590963e-01   2.41582740e+01
    2.48173462e+01]
 [  5.67827297e+01   1.87602194e+02   9.94012345e+00   8.39094329e+01
    2.50803816e+02]
 [  3.78628768e+01   4.33574931e+01   3.27762324e-01   5.20736277e+01
    4.97284240e+02]
 [  4.64704494e+01   4.59043160e+01   8.51927737e+00   8.20119174e+01
    5.78302066e+02]
 [  1.97554284e+01   2.43783986e+02   6.11442374e+00   2.89269068e+01
    2.09475748e+02]
 [  8.30800131e+01   1.54687258e+02   6.40387289e+00   2.11470527e+00
    4.13787149e+02]
 [  5.53930910e+01   2.29803896e+02   7.60674440e+00   5.46249905e+01
    2.13214476e+02]
 [  2.75533842e+01   6.32351816e+01   6.95337977e+00   8.47847622e+01
    2.64795686e+02]
 [  3.48758560e+01   1.42705596e+02   4.04048394e-01   4.51958725e+01
    7.15774729e+02]
 [  3.76299585e+01   2.19147439e+02   4.06374916e+00   3.45570508e+01
    1.60021298e+02]
 [  6.60676061e+01   1.97762671e+02   4.33876640e-03   3.93506911e+01
    5.69842804e+02]
 [  3.22803700e+01   3.59997631e+01   6.98335658e+00   8.36749936e+01
    5.56699177e+02]
 [  7.71988751e+01   2.23313220e+02   9.77447224e-01   2.85738929e+01
    2.73863335e+02]
 [  5.05341030e+01   7.95160604e+01   6.42533616e+00   8.38102198e+01
    7.80310161e+02]
 [  8.09769252e+01   1.21040291e+02   1.10709289e+00   2.37346278e+01
    4.20157170e+02]
 [  3.24020997e+01   7.38157307e+01   3.32195568e-01   5.39986719e+01
    6.82955475e+01]
 [  4.73460165e+01   2.35157486e+02   5.99609117e+00   1.95826854e+01
    1.48037934e+02]
 [  4.88383920e+01   9.66829719e+01   7.16222414e+00   8.45384374e+01
    6.17049108e+02]
 [  6.39075744e+01   7.23305680e+00   2.84913580e-01   6.19605634e+01
    1.56952387e+02]
 [  5.01682463e+01   3.48408707e+00   1.10222538e-01   7.95856409e+01
    7.97277612e+02]
 [  4.77168719e+01   4.75909474e+01   8.26089956e+00   8.15331213e+01
    2.25410941e+02]
 [  5.65794561e+01   1.10682834e+02   2.46514983e+00   8.75744746e+01
    5.28298814e+02]
 [  8.75238635e+01   2.42842871e+02   4.80398392e+00   8.79448564e+01
    8.49388387e+02]
 [  6.58859920e+01   9.60932195e+01   4.79227847e+00   6.44868281e+01
    5.39444536e+02]
 [  3.21464096e+00   8.13730499e+01   3.32420847e-01   5.86514033e+01
    7.82107130e+02]
 [  2.68917535e+01   3.21247681e+01   3.51701030e-01   5.08143833e+01
    1.14541541e+01]
 [  2.22041508e+01   3.15596549e+02   4.32498981e+00   4.08249766e+01
    2.53695148e+02]
 [  7.30963436e+01   5.39956389e+01   7.83218394e+00   8.79115745e+01
    8.46348676e+02]
 [  4.00455340e+01   3.39291527e+01   5.80326857e+00   7.37031960e+01
    6.31604382e+02]
 [  1.81884215e+01   2.55508615e+02   8.09155438e+00   8.59601104e+01
    4.86086892e+02]
 [  4.19539568e+01   3.54662456e+01   2.87290623e-01   5.71495445e+01
    2.63736532e+02]
 [  6.66996712e+01   8.54235776e+01   7.74885571e+00   8.61597062e+01
    1.32061930e+02]
 [  5.14086540e+01   1.36129361e+02   4.12262017e-01   4.73360041e+01
    1.50169655e+02]
 [  5.90245871e+00   1.79215527e+02   4.02801639e+00   1.62834845e+01
    1.10672686e+02]
 [  5.29816988e+01   6.79204686e+01   4.53169547e-01   4.41338790e+01
    4.58983371e+02]
 [  3.25458354e+01   1.23109927e+02   6.48893059e+00   8.53637841e+01
    6.14857768e+02]
 [  5.34350097e+00   5.36804502e+01   1.64180181e+00   6.23203077e+01
    2.56630654e+02]
 [  4.70740076e+01   8.59633888e+01   7.40945250e+00   8.70391844e+01
    3.04517216e+02]
 [  6.64087958e+01   3.27829332e+01   4.73771329e-01   4.25501500e+01
    5.30678900e+02]
 [  4.26989435e+01   7.41961486e+01   9.35433845e+00   8.13663843e+01
    4.11351114e+02]
 [  4.28610657e+01   4.43958627e+01   3.27997521e+00   7.36887239e+01
    7.51956230e+02]
 [  2.83850390e+01   6.53901252e+01   6.48313185e+00   8.46167158e+01
    9.78015506e+02]
 [  6.27927462e+00   2.10033496e+01   1.05449661e+00   3.79172815e+01
    2.58976895e+02]
 [  6.06180112e+01   1.15376860e+01   3.27475983e-01   5.72351535e+01
    5.03755322e+01]]
/projects/rene3152/python_modules/lib/python3.5/site-packages/emcee-2.2.1-py3.5.egg/emcee/ensemble.py:335: RuntimeWarning: invalid value encountered in subtract
/projects/rene3152/python_modules/lib/python3.5/site-packages/emcee-2.2.1-py3.5.egg/emcee/ensemble.py:336: RuntimeWarning: invalid value encountered in greater
You finished the prep for burn in
f_acc burn in [ 0.07   0.065  0.16   0.08   0.295  0.09   0.075  0.1    0.075  0.065
  0.075  0.245  0.17   0.065  0.1    0.14   0.185  0.235  0.13   0.265
  0.165  0.04   0.115  0.175  0.205  0.245  0.24   0.05   0.165  0.11
  0.095  0.075  0.075  0.205  0.065  0.205  0.345  0.29   0.04   0.14
  0.305  0.125  0.13   0.3    0.11   0.035  0.04   0.1    0.1    0.13   0.17
  0.185  0.08   0.055  0.06   0.205  0.08   0.13   0.22   0.225  0.075  0.3
  0.08   0.065  0.205  0.01   0.255  0.09   0.12   0.18   0.175  0.26   0.03
  0.085  0.155  0.09   0.12   0.145  0.07   0.03   0.21   0.155  0.18   0.1
  0.13   0.185  0.14   0.11   0.065  0.035  0.26   0.08   0.08   0.285
  0.18   0.23   0.08   0.185  0.     0.17 ]
pos after burn in [[  3.87169355e+01   4.48208816e+00   8.03193235e-01   5.28492153e+01
    6.42920970e+01   5.84701656e+02]
 [  5.92160273e+01   1.10268761e+02   7.85279624e-01   3.53855289e+01
    8.14449456e+01   2.67005655e+02]
 [  2.42107662e+01   3.26656518e+01   3.25121220e+00   4.52018132e+01
    5.76902307e+01   3.96149669e+02]
 [  2.89620703e+01   4.56174636e+01   2.42589426e+00   4.88146114e+01
    5.98664313e+01   5.04682315e+02]
 [  3.17060953e+01   2.69570144e+00   7.15110135e+00   6.69276362e+01
    6.92021919e+01   2.33988022e+02]
 [  7.24017096e+01   4.79875845e+01   8.76957440e+00   5.35457520e+01
    8.13691756e+01   4.10887377e+02]
 [  4.93973475e+01   4.94844647e+01   7.55317701e-01   6.70894417e+01
    7.73353721e+01   4.27543334e+02]
 [  5.14172777e+01   2.39998112e+01   2.37358182e+00   5.66749894e+00
    3.60017919e+01   5.98447066e+02]
 [  8.62225827e+01   3.62789525e+01   6.45005125e-01   5.49196853e+01
    5.61075931e+01   7.23841415e+02]
 [  8.50878177e+01   6.24134748e+00   5.88804779e-01   5.82324479e+01
    7.70803341e+01   1.50420063e+02]
 [  4.57455230e+01   2.58036484e+01   8.32466407e-01   5.85951351e+01
    8.54622916e+01   4.35949586e+02]
 [  6.53478926e+01   5.87040312e+01   7.60224184e+00   6.78231034e+01
    6.85537882e+01   5.51928771e+02]
 [  5.10809312e+01   4.49046388e+01   6.78997326e-01   6.72622031e+01
    7.84748421e+01   4.07346242e+02]
 [  1.61220557e+01   1.53897081e+01   1.26691056e+00   3.90991669e+01
    7.42514642e+01   9.71877272e+02]
 [  2.84921276e+01   3.23786580e+01   2.29076450e+00   4.86523238e+01
    5.55781677e+01   4.17700809e+02]
 [  7.51830185e+01   2.69975316e-01   7.38290812e+00   5.44895050e+01
    8.27860302e+01   2.75259251e+02]
 [  2.48046717e+01   3.83466128e+01   4.52363036e+00   5.01853362e+01
    5.81197703e+01   4.67580657e+02]
 [  3.59120503e+01   3.58728703e+01   1.71494666e+00   4.17569160e+01
    5.66946227e+01   3.55287063e+02]
 [  3.44429058e+01   1.61784657e+01   2.16480960e+00   2.73777007e+01
    3.74226840e+01   5.12220667e+02]
 [  5.63745831e+01   3.65178689e+01   6.76931307e-01   5.07712423e+01
    8.05673798e+01   3.72784927e+02]
 [  2.84288921e+01   8.20395903e+01   9.44095427e-01   7.14575333e+01
    8.48740291e+01   8.06972624e+02]
 [  8.58525759e+01   1.03800056e+02   2.82658721e+00   5.51362353e+01
    8.71371492e+01   5.37586050e+02]
 [  4.49736086e+01   2.87493856e+01   2.63215017e+00   7.96924484e+01
    8.78101720e+01   3.36158484e+02]
 [  3.59745300e+01   1.23853185e+02   6.54028287e+00   7.54243837e+01
    7.69151921e+01   8.15728943e+02]
 [  5.06248805e+01   4.03757630e+01   3.33744083e+00   4.96241643e+01
    6.46362519e+01   1.80094567e+02]
 [  7.08225661e+01   5.66509061e+01   9.86950391e+00   8.01165552e+01
    8.49929395e+01   6.41555927e+02]
 [  2.39200370e+01   4.32058132e+01   2.28352508e+00   5.24546183e+01
    6.31689038e+01   6.14854158e+02]
 [  5.24913206e+01   1.49202800e+01   7.00224264e-01   5.79457297e+01
    8.29323791e+01   4.79898128e+02]
 [  5.43935739e+01   9.20213280e+00   3.73183760e+00   5.71881161e+01
    8.67963142e+01   5.33760572e+02]
 [  5.09221339e+01   7.06236572e+01   8.09506674e-01   6.42664385e+01
    8.48534070e+01   3.03696095e+02]
 [  5.36384894e+01   4.10774053e+00   7.35354837e-01   5.61445965e+01
    6.15619521e+01   5.64118512e+02]
 [  3.35565471e+01   1.83817218e+02   8.49669551e-01   4.97636714e+01
    6.10826199e+01   3.46421704e+02]
 [  3.52932819e+01   5.17626161e+01   1.55452400e+00   5.00086924e+01
    5.94025973e+01   7.39846544e+02]
 [  1.82343820e+01   4.52850429e+01   3.77178884e+00   5.55125102e+01
    6.69717874e+01   4.99990780e+02]
 [  7.29479738e+01   2.03726742e-01   8.83124438e-01   4.01862096e+01
    8.66644142e+01   3.26229671e+02]
 [  6.95741422e+01   2.72405089e+01   6.04229428e-01   6.06131683e+01
    8.17535334e+01   5.16009715e+02]
 [  8.44549598e+01   9.39907490e+01   6.36251303e+00   1.49982186e+01
    4.64567870e+01   1.30276244e+02]
 [  5.28713380e+01   1.01393005e+00   6.32363474e+00   6.19797050e+01
    6.58538472e+01   2.88704592e+02]
 [  1.21305946e+01   1.82309070e+01   3.81724010e+00   6.65911374e+01
    8.74410690e+01   4.50208408e+02]
 [  7.76468549e+01   3.13187848e+02   9.11710857e+00   5.42526352e+01
    5.76322171e+01   1.47479293e+02]
 [  4.59694208e+01   7.60107683e+01   6.94127112e+00   5.26997932e+01
    5.99166275e+01   2.25300627e+02]
 [  5.72034668e+00   7.72386750e+01   3.20133921e+00   3.98520641e+01
    5.32445000e+01   1.34258311e+02]
 [  4.39145165e+01   2.70565249e+01   8.95322706e-01   6.77254831e+01
    8.49946704e+01   3.49033056e+02]
 [  8.31575770e+01   6.36908620e+01   5.74238307e+00   4.30550837e+01
    4.96199245e+01   1.61130037e+02]
 [  5.54037477e+01   2.91695490e+01   2.94425556e+00   5.02816716e+01
    8.72424849e+01   4.38783509e+02]
 [  3.06148433e+01   5.42103499e+01   1.06308664e+00   5.98867474e+01
    8.56492229e+01   4.40150442e+02]
 [  5.59565510e+01   3.95263895e+01   7.43774633e-01   5.61892658e+01
    8.77326745e+01   3.85217523e+02]
 [  2.90342308e+01   4.21759611e+00   2.34551909e+00   6.59020721e+01
    7.68930229e+01   4.86428065e+02]
 [  5.66047148e+01   3.61427428e+01   3.72762154e+00   8.34043660e+01
    8.88539345e+01   1.25979784e+02]
 [  3.97735843e+01   1.51967206e+01   8.77966786e-01   5.78461686e+01
    6.17107537e+01   4.47523548e+02]
 [  1.92416244e+01   2.51078074e+01   3.12396400e+00   7.03090077e+01
    7.37634638e+01   1.73214092e+02]
 [  4.40762599e+01   2.37379368e+01   8.60387797e-01   5.43599395e+01
    7.22899169e+01   7.36350085e+02]
 [  3.44985092e+01   6.04931101e+01   1.12169170e+00   5.29967539e+01
    8.48639486e+01   3.06275177e+02]
 [  3.57616654e-03   8.95893561e+01   1.54211126e+00   2.04019413e+01
    3.47770502e+01   1.77372729e+02]
 [  4.45189933e+01   2.48813846e+01   8.43354710e-01   5.93933599e+01
    8.35832770e+01   4.10344146e+02]
 [  5.98474560e+01   4.37914355e+01   6.93930375e-01   5.56596020e+01
    7.18609475e+01   2.45097960e+02]
 [  3.05401776e+01   8.14644417e+00   8.85028474e-01   5.44548980e+01
    6.41115371e+01   5.59447262e+02]
 [  4.20004698e+01   3.40306483e+01   1.43126891e+00   4.15458756e+01
    4.78090057e+01   5.37740243e+02]
 [  3.67988334e+01   9.15756286e+01   5.91058861e+00   8.10316940e+01
    8.84029515e+01   8.87192028e+02]
 [  5.60160564e+01   3.35249068e+00   4.88750803e+00   6.06452994e+01
    6.21347782e+01   2.77540607e+02]
 [  6.88509084e+01   3.23663082e+01   7.42943378e+00   5.40315961e+01
    8.28870129e+01   4.32681585e+02]
 [  4.65132425e+01   8.54556774e+01   3.46573977e+00   6.45944361e+01
    6.64485631e+01   4.43297792e+02]
 [  6.94095440e+01   1.16454258e+01   7.75219326e-01   3.29646732e+01
    7.76926830e+01   2.08001268e+02]
 [  1.26761470e+01   6.34196437e+00   3.59832362e+00   7.80638628e+01
    8.80545170e+01   7.31949483e+02]
 [  6.82142703e+00   2.11827412e+02   7.49990981e+00   4.85545687e+01
    5.34785900e+01   1.13131605e+02]
 [  5.89037039e+01   2.67917434e+01   7.61134920e-01   8.66568967e+01
    8.79280822e+01   3.62205323e+02]
 [  2.77024245e+01   3.71563011e+01   2.72600529e+00   4.60301438e+01
    5.71790376e+01   4.15270538e+02]
 [  2.23604979e+01   2.39652950e+01   1.39380350e+00   1.19012084e+01
    1.82452833e+01   9.65690652e+02]
 [  6.40370356e+01   8.84032696e+01   4.78875734e+00   6.45647770e+01
    8.54591698e+01   7.79542029e+02]
 [  8.81015559e+01   8.73677183e+01   3.66706699e+00   8.69649459e+01
    8.73896297e+01   6.24446005e+02]
 [  3.12485257e+01   5.50839405e+01   4.44052981e+00   4.66636757e+01
    5.31717892e+01   4.13104073e+02]
 [  8.10063114e+01   1.58304144e+01   2.94498332e+00   3.74710720e+01
    4.34934447e+01   1.63931529e+02]
 [  6.18394899e+01   2.66170410e+01   7.63222237e-01   4.91033632e+01
    8.50301245e+01   3.96767830e+02]
 [  5.19083442e+01   1.53570283e+01   3.33361398e+00   5.58848007e+01
    8.96468535e+01   4.41165051e+02]
 [  5.64038405e+01   1.39330347e+01   7.28343569e-01   5.49903805e+01
    6.15925836e+01   5.87607447e+02]
 [  5.56988980e+01   1.38660570e+01   7.30768162e-01   5.75154006e+01
    8.01493849e+01   2.71296658e+02]
 [  4.87836187e+01   7.34083989e+01   7.31948119e-01   5.98828323e+01
    8.78827828e+01   2.48817231e+02]
 [  2.56485403e+01   4.25759170e+01   1.16166265e+00   7.08703283e+01
    8.05546640e+01   7.67693324e+02]
 [  4.12722276e+01   8.28135491e+01   7.07931143e-01   6.50241577e+01
    8.17462843e+01   5.95972511e+02]
 [  5.24583699e+01   4.70240232e+01   2.82315005e+00   6.16448068e+01
    6.24808874e+01   3.46145603e+02]
 [  7.03828104e+01   9.99994642e+00   6.44245372e-01   6.33770185e+01
    7.73843386e+01   5.64161172e+02]
 [  6.89637301e+01   3.45837628e+01   6.18537713e-01   6.42456060e+01
    7.60211100e+01   3.69776538e+02]
 [  2.51613152e+01   8.81503928e+01   6.50722281e+00   6.81099961e+01
    8.65705976e+01   7.26553585e+02]
 [  4.23371991e+01   6.52926935e+01   7.83502035e-01   6.53716486e+01
    6.56996325e+01   3.34587922e+02]
 [  5.53110440e+01   4.14855440e+01   6.84521479e-01   6.67744839e+01
    8.13595478e+01   3.77157014e+02]
 [  1.94361138e+01   4.16038003e+01   2.78574148e+00   5.49561329e+01
    6.40463423e+01   1.57144549e+02]
 [  4.63753138e+01   6.92596914e+01   4.12888849e+00   6.22770911e+01
    8.66203316e+01   8.45243819e+02]
 [  4.01219999e+01   5.66279174e+01   7.48248916e+00   8.18132209e+01
    8.39873047e+01   4.34944414e+02]
 [  3.45090837e+01   1.65588419e+01   8.59934510e-01   5.04422674e+01
    7.07156741e+01   4.97347260e+02]
 [  5.36592146e+01   1.93472338e+01   9.34355711e-01   4.57263797e+01
    8.45748933e+01   5.78133516e+02]
 [  5.16475092e+01   2.52165677e+00   5.79339064e-01   6.02449647e+01
    6.27799432e+01   2.28425512e+02]
 [  5.04995454e+01   2.26684615e+01   7.37333555e-01   6.71111178e+01
    6.74404350e+01   4.08447144e+02]
 [  2.20070729e+01   3.84638139e+01   2.07327592e+00   4.88322246e+01
    6.41855848e+01   7.72309917e+02]
 [  5.83697395e+01   7.31472414e+01   3.73406957e+00   4.50623656e+01
    5.77259270e+01   2.51615260e+02]
 [  6.12359976e+01   3.54401298e+01   6.17539059e+00   5.90251276e+01
    8.42206408e+01   4.21026503e+02]
 [  8.22276099e+01   6.33668440e+01   9.81446200e+00   6.14545905e+01
    6.47555120e+01   5.29747232e+02]
 [  6.02934413e+01   6.71605196e+01   6.61983262e-01   6.30596102e+01
    8.11241432e+01   2.11666335e+02]
 [  5.12255593e+01   3.20030245e+00   3.87713783e+00   5.77538767e+01
    6.35457382e+01   2.39602187e+02]
 [  4.74463008e+01  -2.98586346e+01  -1.15214254e-01   8.24880079e+01
    7.55383549e+01   4.86802945e+02]
 [  4.96979555e+01   1.87128885e+01   8.06857445e-01   5.22843461e+01
    6.52382526e+01   5.88623341e+02]]
You finished the prep for burn in
f_acc burn in [ 0.075  0.15   0.105  0.125  0.225  0.175  0.06   0.055  0.07   0.235
  0.095  0.025  0.17   0.04   0.225  0.115  0.095  0.235  0.24   0.27
  0.055  0.245  0.245  0.235  0.15   0.03   0.09   0.16   0.145  0.175
  0.14   0.24   0.125  0.05   0.125  0.135  0.085  0.17   0.04   0.205
  0.085  0.17   0.075  0.285  0.14   0.135  0.035  0.155  0.185  0.115
  0.055  0.04   0.22   0.21   0.06   0.09   0.285  0.12   0.025  0.22
  0.145  0.26   0.1    0.16   0.045  0.19   0.205  0.04   0.11   0.15   0.08
  0.155  0.135  0.185  0.115  0.295  0.205  0.1    0.095  0.245  0.105
  0.055  0.04   0.275  0.21   0.095  0.1    0.04   0.155  0.335  0.15   0.29
  0.275  0.025  0.17   0.06   0.185  0.05   0.16   0.035]
pos after burn in [[  4.49433515e+01   3.73498210e+01   8.85716431e-01   5.50049967e+01
    6.90483357e+01   4.88951803e+02]
 [  8.81965986e+01   8.41784114e+01   7.73685993e+00   2.71450104e+01
    8.67218768e+01   8.95189927e+02]
 [  4.06889057e+01   3.29596478e+00   7.37316923e-01   6.60333183e+01
    7.75524304e+01   4.61715438e+02]
 [  7.69298373e+01   1.33668686e+01   7.19846301e+00   5.20660373e+01
    8.29195811e+01   5.01360523e+02]
 [  8.16186999e+01   1.71078620e+02   6.87102481e+00   1.69321930e+01
    8.93412376e+01   9.82080014e+02]
 [  5.40040412e+01   2.28671807e+01   7.92906763e+00   3.99083284e+01
    8.27797939e+01   7.67360933e+02]
 [  2.71654074e+01   2.99098864e+01   4.29657632e+00   5.17138379e+01
    5.67192456e+01   8.66260273e+02]
 [  5.86319997e+01   6.28211159e+01   9.33128850e+00   4.97901974e+01
    8.30055083e+01   6.40344947e+02]
 [  2.52686245e+01   1.02739537e+02   8.12556597e+00   6.46331326e+01
    7.96975983e+01   7.94486623e+02]
 [  6.51861898e+01   1.49466887e+02   9.22498034e+00   4.12766524e+01
    8.79260658e+01   9.54554319e+02]
 [  1.68098698e+01   7.36290811e+01   9.43424096e+00   8.04177769e+01
    8.82962183e+01   9.96763209e+02]
 [  2.80246891e+01   7.28857597e-01   1.22638252e+00   6.24792008e+01
    8.62872813e+01   4.85790518e+02]
 [  6.77806122e+01   1.77623890e+02   8.03034910e+00   3.78711661e+01
    8.97146177e+01   9.25070417e+02]
 [  4.31357101e+01   1.10736308e+01   4.51819721e+00   5.69986993e+01
    8.67212108e+01   6.38549462e+02]
 [  8.94185121e+01   2.27792092e+02   7.11141478e+00   2.21004101e+01
    8.38933607e+01   9.46868687e+02]
 [  8.89253959e+01   1.37988296e+01   7.65221391e+00   3.05850664e+01
    8.99417016e+01   8.36863255e+02]
 [  5.47259660e+01   4.46311072e+01   7.49442426e-01   6.12725276e+01
    6.33186863e+01   5.54058284e+02]
 [  8.54888101e+01   2.00435894e+02   7.16983524e+00   3.13369415e+01
    8.92579345e+01   9.58419168e+02]
 [  8.77426648e+01   1.67060330e+02   7.70434211e+00   2.36308089e+01
    8.71358025e+01   9.00401771e+02]
 [  7.64948802e+01   1.20783959e+02   8.17878006e+00   3.07249009e+01
    8.88940225e+01   9.20760462e+02]
 [  2.89885038e+01   3.46523627e+01   1.26523970e+00   5.95614114e+01
    8.24356126e+01   3.03604411e+02]
 [  6.76372243e+01   2.25440154e+02   6.27532628e+00   4.31979367e+01
    8.70309177e+01   9.15900227e+02]
 [  6.93252220e+01   1.22473955e+02   7.61308517e+00   3.41835157e+01
    8.93264478e+01   9.06127407e+02]
 [  6.20366806e+01   2.10016439e+02   7.68867186e+00   4.32739457e+01
    8.81965710e+01   9.07719774e+02]
 [  8.40740645e+01   2.02545424e+02   9.92335250e+00   3.66383282e+01
    8.86135292e+01   9.95545513e+02]
 [  5.11973499e+01   4.05018953e+01   1.19540921e+00   3.40945816e+01
    8.69210260e+01   4.42302708e+02]
 [  8.61294247e+01   6.08927955e+01   6.14934740e-01   5.70306626e+01
    6.49865607e+01   5.64304733e+02]
 [  8.82210235e+01   1.30307481e+02   8.38564934e+00   1.68696692e+01
    8.92932496e+01   9.98118384e+02]
 [  5.93961527e+01   1.68479730e+01   5.95644136e+00   4.23927163e+01
    8.46614425e+01   4.58204388e+02]
 [  4.37729499e+01   6.25088590e+01   3.71566936e+00   4.99982974e+01
    8.65862329e+01   6.98109433e+02]
 [  7.76696834e+01   2.93522378e+01   7.61751744e+00   2.48694497e+01
    8.95636584e+01   9.70903158e+02]
 [  8.88455447e+01   8.01586980e+01   9.13190186e+00   1.46627322e+01
    8.94752609e+01   9.09530505e+02]
 [  1.63281615e+01   3.05968970e+02   9.25181948e+00   5.49030169e+01
    8.69091635e+01   9.62304169e+02]
 [  2.39229303e+01   7.06456675e+01   9.56267651e-01   7.27312218e+01
    7.55269357e+01   4.29460244e+02]
 [  6.56145884e+01   1.58668484e+02   8.42432706e+00   3.23543871e+01
    8.98820509e+01   8.34828828e+02]
 [  6.74263374e+01   1.04773168e+02   6.05511211e+00   3.76829891e+01
    8.44494312e+01   9.64934860e+02]
 [  1.39695703e+01   4.96705596e+01   5.01903015e+00   6.07221970e+01
    7.41481316e+01   3.75052149e+02]
 [  8.11695158e+01   2.04247408e+02   7.19149059e+00   3.45941349e+01
    8.95546079e+01   9.54369494e+02]
 [  4.93398978e+01   2.95287986e+01   7.18660853e-01   6.40117492e+01
    8.57198793e+01   2.06361028e+02]
 [  8.47455447e+01   1.39939490e+02   6.55699871e+00   1.77455615e+01
    8.82133332e+01   9.64405881e+02]
 [  3.72048152e+01   3.11489041e+01   1.50838060e+00   4.29611315e+01
    6.05925624e+01   3.77779893e+02]
 [  6.95056618e+01   1.54131375e+02   9.60297637e+00   2.21938744e+01
    8.87166149e+01   9.92967184e+02]
 [  3.95615055e+01   2.83238402e+01   8.55317593e-01   6.50974469e+01
    7.18363585e+01   6.20301956e+02]
 [  7.79443394e+01   2.24891594e+01   8.38365180e+00   2.25357534e+01
    8.95517814e+01   8.06511289e+02]
 [  6.38968018e+01   3.80136431e+01   8.24600785e+00   3.79768558e+01
    8.24876825e+01   6.38211363e+02]
 [  8.19310327e+01   5.59942468e+01   6.27180447e+00   2.41613974e+01
    8.96038056e+01   7.92114666e+02]
 [  4.79420985e+01   2.51547190e+01   9.47748518e-01   5.33330379e+01
    5.49463932e+01   3.16705184e+02]
 [  5.15896392e+01   5.54420604e+01   5.97526322e+00   5.02494780e+01
    8.50866006e+01   4.27778369e+02]
 [  7.84283615e+01   3.43446737e+01   9.79830142e+00   3.07729296e+01
    8.99549125e+01   9.62091716e+02]
 [  7.20041704e+01   1.73266849e+01   8.95966730e-01   3.67097814e+01
    8.66220671e+01   4.30468808e+02]
 [  7.14742137e+01   3.43722188e+01   7.16560898e-01   7.39487653e+01
    8.44238822e+01   1.29698690e+02]
 [  3.96509043e+01   2.45322493e+01   3.16015962e+00   5.41993359e+01
    8.72950914e+01   5.03211818e+02]
 [  6.39597599e+01   4.85737989e+01   5.63564058e+00   3.78427507e+01
    8.44845370e+01   9.02387730e+02]
 [  7.03728563e+01   5.58738808e+01   4.99159949e+00   3.40450713e+01
    8.51499519e+01   6.04022132e+02]
 [  5.87891464e+01   5.08369137e+01   7.13565998e-01   5.79340597e+01
    6.18954643e+01   5.05441393e+02]
 [  8.13584339e+01   5.24731560e+01   7.09773119e-01   5.00848679e+01
    8.09237500e+01   3.78407228e+02]
 [  8.32902549e+01   1.32200719e+02   7.01936893e+00   3.32883517e+01
    8.92246749e+01   8.76423013e+02]
 [  2.48068969e+01   8.23382460e+01   3.54022049e+00   4.68374423e+01
    8.77344703e+01   5.50890611e+02]
 [  3.66973542e+01   4.22896801e+01   1.06797435e+00   5.00127332e+01
    8.53265209e+01   3.67950210e+02]
 [  6.40342324e+01   1.77058702e+02   8.32330172e+00   4.16176521e+01
    8.85890894e+01   9.08577013e+02]
 [  5.09895504e+01   1.53101177e+02   6.51823690e+00   4.60802964e+01
    8.49905329e+01   7.91855114e+02]
 [  7.86246159e+01   6.57526171e+01   6.97450929e+00   2.71734828e+01
    8.33389475e+01   8.22322792e+02]
 [  5.81559215e+01   3.44679232e+01   7.42984342e-01   6.27298933e+01
    7.42185842e+01   5.35693413e+02]
 [  5.33674127e+01   1.92737340e+02   7.71172109e+00   4.41115807e+01
    8.98757689e+01   9.54274918e+02]
 [  6.85000109e+01   3.36920283e+01   6.21075649e-01   5.92076422e+01
    7.59738479e+01   3.00587598e+02]
 [  6.67607871e+01   6.37437357e+01   5.58597058e+00   3.62491330e+01
    8.45832953e+01   9.03940897e+02]
 [  5.99323615e+01   1.37107688e+01   5.52706847e+00   3.56703659e+01
    8.48599678e+01   7.94069836e+02]
 [  4.36796392e+01   1.97476275e+01   8.52435532e-01   5.98850489e+01
    7.42975808e+01   3.74713869e+02]
 [  3.90517155e+01   9.10523456e+01   4.92628408e+00   4.51929731e+01
    8.61860866e+01   5.44082881e+02]
 [  5.75143586e+01   1.85263535e+02   8.34557143e+00   3.81393446e+01
    8.92583855e+01   9.27538207e+02]
 [  1.98038406e+01   3.78383302e+01   1.64806493e+00   5.89782630e+01
    8.75290095e+01   2.02513180e+02]
 [  3.12064141e+01   7.53871565e+01   5.59775465e+00   8.51475911e+01
    8.55816028e+01   2.89437925e+02]
 [  8.60115692e+01   1.18399873e+02   7.56264867e+00   2.53183063e+01
    8.86558309e+01   8.69698349e+02]
 [  8.77509064e+01   1.02119594e+02   7.46323854e+00   2.31545427e+01
    8.91694265e+01   9.01539230e+02]
 [  8.37361574e+01   1.13160260e+02   8.38979284e+00   3.00378514e+01
    8.91695912e+01   8.72790177e+02]
 [  7.64071951e+01   4.47189989e+01   9.68323764e+00   2.24309033e+01
    8.92331190e+01   9.68718959e+02]
 [  8.00113753e+01   1.67961067e+02   9.50956448e+00   2.53540861e+01
    8.82908722e+01   9.90646815e+02]
 [  6.04096200e+01   8.85915948e+01   3.77582476e+00   7.72535578e+01
    8.13738316e+01   9.84482069e+02]
 [  4.21649970e+01   2.61902875e+01   9.53110413e-01   5.57515681e+01
    6.44941521e+01   3.39773773e+02]
 [  7.68377544e+01   2.73175903e+01   6.52193171e+00   2.83360080e+01
    8.35536421e+01   7.41640382e+02]
 [  6.69894347e+01   9.22103072e+00   7.73082889e+00   3.48774781e+01
    8.27146555e+01   4.03166627e+02]
 [  7.58050072e+01   4.19520323e+01   6.75655844e-01   6.01322471e+01
    6.81579089e+01   4.63396306e+02]
 [  1.04427660e+01   2.24466080e+01   2.25887821e+00   4.62139356e+01
    6.67184057e+01   3.46699253e+02]
 [  8.76044360e+01   1.46158941e+02   9.84982318e+00   3.11241351e+01
    8.98083248e+01   9.06461194e+02]
 [  7.24821835e+01   2.06514675e+02   6.35950969e+00   3.13168862e+01
    8.64362460e+01   9.88126105e+02]
 [  6.61566162e+01   4.79256736e+01   6.13457366e-01   6.55052986e+01
    7.78225126e+01   4.28566068e+02]
 [  5.94323731e+01   5.89581547e+01   4.96153245e+00   4.19676874e+01
    8.54854962e+01   6.99588636e+02]
 [  2.44078506e+01   2.53945684e+01   1.55328151e+00   5.82052755e+01
    6.15982122e+01   6.51877685e+02]
 [  6.04421751e+01   2.00082851e+01   4.72566797e+00   4.69345554e+01
    8.57902685e+01   4.20148342e+02]
 [  8.32383648e+01   1.31091191e+02   8.10933852e+00   2.40313484e+01
    8.91484424e+01   9.06868598e+02]
 [  2.17431265e+01   3.69932785e+01   1.29298086e+00   7.72202267e+01
    8.28917082e+01   5.57283406e+02]
 [  8.12830209e+01   2.54273177e+01   8.04698025e+00   2.74222245e+01
    8.97417305e+01   8.16568400e+02]
 [  8.36879425e+01   2.03080498e+02   8.38027193e+00   3.29043495e+01
    8.82416503e+01   9.47850663e+02]
 [  2.36213614e+01   3.51038098e+01   3.27018149e+00   5.66390329e+01
    6.22669592e+01   3.95395075e+02]
 [  5.31041322e+01   4.92656181e+01   7.46070904e-01   5.74739014e+01
    7.08696540e+01   5.41684739e+02]
 [  4.90513999e+01   4.14940979e+01   2.33551605e+00   4.33277867e+01
    4.54045228e+01   6.00380941e+02]
 [  7.31504744e+01   1.71717816e+02   8.75563160e+00   3.70418017e+01
    8.87427235e+01   9.44114687e+02]
 [  8.40883006e+01   5.22790084e+01   6.10351673e-01   5.15348902e+01
    7.74714108e+01   4.68275983e+02]
 [  7.45356744e+01   1.61635518e+02   8.10449815e+00   3.06959476e+01
    8.86950157e+01   9.41693729e+02]
 [  5.45316415e+01   8.82707751e+01   1.00811814e+00   3.09002634e+01
    4.66886738e+01   6.51820802e+02]]
done with burnin
bicone_all.py:1146: RuntimeWarning: divide by zero encountered in double_scalars
  return np.sum(resid_alt_concat)/(n-k-1-masked_elements_sum)
bicone_all.py:1146: RuntimeWarning: divide by zero encountered in double_scalars
  return np.sum(resid_alt_concat)/(n-k-1-masked_elements_sum)
bicone_all.py:1146: RuntimeWarning: divide by zero encountered in double_scalars
  return np.sum(resid_alt_concat)/(n-k-1-masked_elements_sum)
bicone_all.py:1146: RuntimeWarning: divide by zero encountered in double_scalars
  return np.sum(resid_alt_concat)/(n-k-1-masked_elements_sum)
bicone_all.py:1146: RuntimeWarning: divide by zero encountered in double_scalars
  return np.sum(resid_alt_concat)/(n-k-1-masked_elements_sum)
bicone_all.py:1146: RuntimeWarning: divide by zero encountered in double_scalars
  return np.sum(resid_alt_concat)/(n-k-1-masked_elements_sum)
bicone_all.py:1146: RuntimeWarning: divide by zero encountered in double_scalars
  return np.sum(resid_alt_concat)/(n-k-1-masked_elements_sum)
bicone_all.py:1146: RuntimeWarning: divide by zero encountered in double_scalars
  return np.sum(resid_alt_concat)/(n-k-1-masked_elements_sum)
bicone_all.py:1146: RuntimeWarning: divide by zero encountered in double_scalars
  return np.sum(resid_alt_concat)/(n-k-1-masked_elements_sum)
bicone_all.py:1146: RuntimeWarning: divide by zero encountered in double_scalars
  return np.sum(resid_alt_concat)/(n-k-1-masked_elements_sum)
bicone_all.py:1146: RuntimeWarning: divide by zero encountered in double_scalars
  return np.sum(resid_alt_concat)/(n-k-1-masked_elements_sum)
bicone_all.py:1146: RuntimeWarning: divide by zero encountered in double_scalars
  return np.sum(resid_alt_concat)/(n-k-1-masked_elements_sum)
bicone_all.py:1146: RuntimeWarning: divide by zero encountered in double_scalars
  return np.sum(resid_alt_concat)/(n-k-1-masked_elements_sum)
bicone_all.py:1146: RuntimeWarning: divide by zero encountered in double_scalars
  return np.sum(resid_alt_concat)/(n-k-1-masked_elements_sum)
bicone_all.py:1146: RuntimeWarning: divide by zero encountered in double_scalars
  return np.sum(resid_alt_concat)/(n-k-1-masked_elements_sum)
bicone_all.py:1146: RuntimeWarning: divide by zero encountered in double_scalars
  return np.sum(resid_alt_concat)/(n-k-1-masked_elements_sum)
bicone_all.py:1146: RuntimeWarning: divide by zero encountered in double_scalars
  return np.sum(resid_alt_concat)/(n-k-1-masked_elements_sum)
bicone_all.py:1146: RuntimeWarning: divide by zero encountered in double_scalars
  return np.sum(resid_alt_concat)/(n-k-1-masked_elements_sum)
bicone_all.py:1146: RuntimeWarning: divide by zero encountered in double_scalars
  return np.sum(resid_alt_concat)/(n-k-1-masked_elements_sum)
bicone_all.py:1146: RuntimeWarning: divide by zero encountered in double_scalars
  return np.sum(resid_alt_concat)/(n-k-1-masked_elements_sum)
bicone_all.py:1146: RuntimeWarning: divide by zero encountered in double_scalars
  return np.sum(resid_alt_concat)/(n-k-1-masked_elements_sum)
bicone_all.py:1146: RuntimeWarning: divide by zero encountered in double_scalars
  return np.sum(resid_alt_concat)/(n-k-1-masked_elements_sum)
bicone_all.py:1146: RuntimeWarning: divide by zero encountered in double_scalars
  return np.sum(resid_alt_concat)/(n-k-1-masked_elements_sum)
bicone_all.py:1146: RuntimeWarning: divide by zero encountered in dobicone_all.py:1146: RuntimeWarning: divide by zero encountered in double_scalars
  return np.sum(resid_alt_concat)/(n-k-1-masked_elements_sum)
bicone_all.py:1146: RuntimeWarning: divide by zero encountered in double_scalars
  return np.sum(resid_alt_concat)/(n-k-1-masked_elements_sum)
bicone_all.py:1146: RuntimeWarning: divide by zero encountered in double_scalars
  return np.sum(resid_alt_concat)/(n-k-1-masked_elements_sum)
bicone_all.py:1146: RuntimeWarning: divide by zero encountered in double_scalars
  return np.sum(resid_alt_concat)/(n-k-1-masked_elements_sum)
bicone_all.py:1146: RuntimeWarning: divide by zero encountered in double_scalars
  return np.sum(resid_alt_concat)/(n-k-1-masked_elements_sum)
bicone_all.py:1146: RuntimeWarning: divide by zero encountered in double_scalars
  return np.sum(resid_alt_concat)/(n-k-1-masked_elements_sum)
bicone_all.py:1146: RuntimeWarning: divide by zero encountered in double_scalars
  return np.sum(resid_alt_concat)/(n-k-1-masked_elements_sum)
bicone_all.py:1146: RuntimeWarning: divide by zero encountered in double_scalars
  return np.sum(resid_alt_concat)/(n-k-1-masked_elements_sum)
bicone_all.py:1146: RuntimeWarning: divide by zero encountered in double_scalars
  return np.sum(resid_alt_concat)/(n-k-1-masked_elements_sum)
bicone_all.py:1146: RuntimeWarning: divide by zero encountered in double_scalars
  return np.sum(resid_alt_concat)/(n-k-1-masked_elements_sum)
bicone_all.py:1146: RuntimeWarning: divide by zero encountered in double_scalars
  return np.sum(resid_alt_concat)/(n-k-1-masked_elements_sum)
bicone_all.py:1146: RuntimeWarning: divide by zero encountered in double_scalars
  return np.sum(resid_alt_concat)/(n-k-1-masked_elements_sum)
bicone_all.py:1146: RuntimeWarning: divide by zero encountered in double_scalars
  return np.sum(resid_alt_concat)/(n-k-1-masked_elements_sum)
bicone_all.py:1146: RuntimeWarning: divide by zero encountered in double_scalars
  return np.sum(resid_alt_concat)/(n-k-1-masked_elements_sum)
bicone_all.py:1146: RuntimeWarning: divide by zero encountered in double_scalars
  return np.sum(resid_alt_concat)/(n-k-1-masked_elements_sum)
